spotPython.spot.spot 2024-01-07 00:47:32,580 INFO Starting the logger at level 10 for module spotPython.spot.spot:
spotPython.spot.spot 2024-01-07 00:47:32,580 DEBUG In Spot() init(): fun_control: {'CHECKPOINT_PATH': 'runs/saved_models/', 'DATASET_PATH': 'data/', 'RESULTS_PATH': 'results/', 'TENSORBOARD_PATH': 'runs/', '_L_in': 10, '_L_out': 1, 'accelerator': 'auto', 'counter': 0, 'data': None, 'data_dir': './data', 'data_module': None, 'data_set': <spotPython.data.diabetes.Diabetes object at 0x2cb703d10>, 'design': None, 'device': 'mps', 'devices': 1, 'enable_progress_bar': False, 'eval': None, 'fun_evals': inf, 'fun_repeats': 1, 'infill_criterion': 'y', 'k_folds': 3, 'log_level': 10, 'loss_function': None, 'lower': array([3. , 4. , 1. , 0. , 0. , 0. , 0.1, 2. , 0. ]), 'max_time': 1, 'metric_river': None, 'metric_sklearn': None, 'metric_torch': None, 'metric_params': {}, 'model_dict': {}, 'noise': False, 'n_points': 1, 'n_samples': None, 'num_workers': 0, 'ocba_delta': 0, 'optimizer': None, 'path': None, 'prep_model': None, 'save_model': False, 'seed': 123, 'show_batch_interval': 1000000, 'show_models': False, 'show_progress': True, 'shuffle': None, 'sigma': 0.0, 'spot_tensorboard_path': 'runs/spot_logs/031_p040025_2024-01-07_00-47-32', 'target_column': None, 'test_seed': 1234, 'test_size': 0.6, 'tolerance_x': 1.4901161193847656e-08, 'train': None, 'test': None, 'task': None, 'upper': array([ 8.  ,  9.  ,  4.  ,  5.  , 11.  ,  0.25, 10.  ,  6.  ,  2.  ]), 'var_name': ['l1', 'epochs', 'batch_size', 'act_fn', 'optimizer', 'dropout_prob', 'lr_mult', 'patience', 'initialization'], 'var_type': ['int', 'int', 'int', 'factor', 'factor', 'float', 'float', 'int', 'factor'], 'weights': 1.0, 'spot_writer': <torch.utils.tensorboard.writer.SummaryWriter object at 0x2c9045910>, 'core_model': <class 'spotPython.light.regression.netlightregression.NetLightRegression'>, 'core_model_hyper_dict': {'l1': {'type': 'int', 'default': 3, 'transform': 'transform_power_2_int', 'lower': 4, 'upper': 8}, 'epochs': {'type': 'int', 'default': 4, 'transform': 'transform_power_2_int', 'lower': 8, 'upper': 14}, 'batch_size': {'type': 'int', 'default': 4, 'transform': 'transform_power_2_int', 'lower': 1, 'upper': 4}, 'act_fn': {'levels': ['Sigmoid', 'Tanh', 'ReLU', 'LeakyReLU', 'ELU', 'Swish'], 'type': 'factor', 'default': 'ReLU', 'transform': 'None', 'class_name': 'spotPython.torch.activation', 'core_model_parameter_type': 'instance()', 'lower': 0, 'upper': 5}, 'optimizer': {'levels': ['Adadelta', 'Adagrad', 'Adam', 'AdamW', 'Adamax', 'ASGD', 'NAdam', 'RAdam', 'RMSprop', 'Rprop', 'SGD'], 'type': 'factor', 'default': 'SGD', 'transform': 'None', 'class_name': 'torch.optim', 'core_model_parameter_type': 'str', 'lower': 0, 'upper': 10}, 'dropout_prob': {'type': 'float', 'default': 0.01, 'transform': 'None', 'lower': 0.01, 'upper': 0.1}, 'lr_mult': {'type': 'float', 'default': 1.0, 'transform': 'None', 'lower': 0.9, 'upper': 2.0}, 'patience': {'type': 'int', 'default': 2, 'transform': 'transform_power_2_int', 'lower': 5, 'upper': 8}, 'initialization': {'levels': ['Default', 'Kaiming', 'Xavier'], 'type': 'factor', 'default': 'Default', 'transform': 'None', 'core_model_parameter_type': 'str', 'lower': 0, 'upper': 2}}}
spotPython.spot.spot 2024-01-07 00:47:32,580 DEBUG In Spot() init(): optimizer_control: {'max_iter': 10000, 'seed': 125}
spotPython.spot.spot 2024-01-07 00:47:32,580 DEBUG In Spot() init(): surrogate_control: {'noise': True, 'model_optimizer': <function differential_evolution at 0x174160680>, 'model_fun_evals': 10000, 'min_theta': -3, 'max_theta': 3, 'n_theta': 9, 'n_p': 1, 'optim_p': False, 'seed': 124, 'theta_init_zero': True, 'var_type': ['int', 'int', 'int', 'factor', 'factor', 'float', 'float', 'int', 'factor']}
spotPython.spot.spot 2024-01-07 00:47:32,580 DEBUG In Spot() init(): self.get_spot_attributes_as_df():        Attribute Name                                    Attribute Value
0                   X                                               None
1           all_lower     [4.0, 8.0, 1.0, 0.0, 0.0, 0.01, 0.9, 5.0, 0.0]
2           all_upper    [8.0, 14.0, 4.0, 5.0, 10.0, 0.1, 2.0, 8.0, 2.0]
3        all_var_name  [l1, epochs, batch_size, act_fn, optimizer, dr...
4        all_var_type  [int, int, int, factor, factor, float, float, ...
5             counter                                                  0
6           de_bounds  [[4.0, 8.0], [8.0, 14.0], [1.0, 4.0], [0.0, 5....
7              design  <spotPython.design.spacefilling.spacefilling o...
8      design_control                     {'init_size': 5, 'repeats': 1}
9                 eps                                                0.0
10        fun_control  {'CHECKPOINT_PATH': 'runs/saved_models/', 'DAT...
11          fun_evals                                                inf
12        fun_repeats                                                  1
13              ident  [False, False, False, False, False, False, Fal...
14   infill_criterion                                                  y
15                  k                                                  9
16          log_level                                                 10
17              lower     [4.0, 8.0, 1.0, 0.0, 0.0, 0.01, 0.9, 5.0, 0.0]
18           max_time                                                  1
19             mean_X                                               None
20             mean_y                                               None
21              min_X                                               None
22         min_mean_X                                               None
23         min_mean_y                                               None
24              min_y                                               None
25           n_points                                                  1
26              noise                                              False
27         ocba_delta                                                  0
28  optimizer_control                   {'max_iter': 10000, 'seed': 125}
29            red_dim                                              False
30                rng                                   Generator(PCG64)
31        show_models                                              False
32      show_progress                                               True
33        spot_writer  <torch.utils.tensorboard.writer.SummaryWriter ...
34          surrogate  <spotPython.build.kriging.Kriging object at 0x...
35  surrogate_control  {'noise': True, 'model_optimizer': <function d...
36        tolerance_x                                                0.0
37              upper    [8.0, 14.0, 4.0, 5.0, 10.0, 0.1, 2.0, 8.0, 2.0]
38           var_name  [l1, epochs, batch_size, act_fn, optimizer, dr...
39           var_type  [int, int, int, factor, factor, float, float, ...
40              var_y                                               None
41                  y                                               None
spotPython.spot.spot 2024-01-07 00:47:32,597 DEBUG In Spot() initialize_design(), before calling self.fun: X_all: [[ 7.         13.          3.          2.          4.          0.0493823
   1.3568641   7.          0.        ]
 [ 4.          9.          4.          3.          6.          0.01465359
   0.98141315  6.          1.        ]
 [ 7.         10.          1.          5.          9.          0.08951096
   1.73944564  8.          2.        ]
 [ 6.         10.          2.          0.          0.          0.07807343
   1.14945197  7.          1.        ]
 [ 5.         13.          3.          2.          8.          0.03550171
   1.94766059  5.          2.        ]]
spotPython.spot.spot 2024-01-07 00:47:32,598 DEBUG In Spot() initialize_design(), before calling self.fun: fun_control: {'CHECKPOINT_PATH': 'runs/saved_models/', 'DATASET_PATH': 'data/', 'RESULTS_PATH': 'results/', 'TENSORBOARD_PATH': 'runs/', '_L_in': 10, '_L_out': 1, 'accelerator': 'auto', 'counter': 0, 'data': None, 'data_dir': './data', 'data_module': None, 'data_set': <spotPython.data.diabetes.Diabetes object at 0x2cb703d10>, 'design': None, 'device': 'mps', 'devices': 1, 'enable_progress_bar': False, 'eval': None, 'fun_evals': inf, 'fun_repeats': 1, 'infill_criterion': 'y', 'k_folds': 3, 'log_level': 10, 'loss_function': None, 'lower': array([3. , 4. , 1. , 0. , 0. , 0. , 0.1, 2. , 0. ]), 'max_time': 1, 'metric_river': None, 'metric_sklearn': None, 'metric_torch': None, 'metric_params': {}, 'model_dict': {}, 'noise': False, 'n_points': 1, 'n_samples': None, 'num_workers': 0, 'ocba_delta': 0, 'optimizer': None, 'path': None, 'prep_model': None, 'save_model': False, 'seed': 123, 'show_batch_interval': 1000000, 'show_models': False, 'show_progress': True, 'shuffle': None, 'sigma': 0.0, 'spot_tensorboard_path': 'runs/spot_logs/031_p040025_2024-01-07_00-47-32', 'target_column': None, 'test_seed': 1234, 'test_size': 0.6, 'tolerance_x': 1.4901161193847656e-08, 'train': None, 'test': None, 'task': None, 'upper': array([ 8.  ,  9.  ,  4.  ,  5.  , 11.  ,  0.25, 10.  ,  6.  ,  2.  ]), 'var_name': ['l1', 'epochs', 'batch_size', 'act_fn', 'optimizer', 'dropout_prob', 'lr_mult', 'patience', 'initialization'], 'var_type': ['int', 'int', 'int', 'factor', 'factor', 'float', 'float', 'int', 'factor'], 'weights': 1.0, 'spot_writer': <torch.utils.tensorboard.writer.SummaryWriter object at 0x2c9045910>, 'core_model': <class 'spotPython.light.regression.netlightregression.NetLightRegression'>, 'core_model_hyper_dict': {'l1': {'type': 'int', 'default': 3, 'transform': 'transform_power_2_int', 'lower': 4, 'upper': 8}, 'epochs': {'type': 'int', 'default': 4, 'transform': 'transform_power_2_int', 'lower': 8, 'upper': 14}, 'batch_size': {'type': 'int', 'default': 4, 'transform': 'transform_power_2_int', 'lower': 1, 'upper': 4}, 'act_fn': {'levels': ['Sigmoid', 'Tanh', 'ReLU', 'LeakyReLU', 'ELU', 'Swish'], 'type': 'factor', 'default': 'ReLU', 'transform': 'None', 'class_name': 'spotPython.torch.activation', 'core_model_parameter_type': 'instance()', 'lower': 0, 'upper': 5}, 'optimizer': {'levels': ['Adadelta', 'Adagrad', 'Adam', 'AdamW', 'Adamax', 'ASGD', 'NAdam', 'RAdam', 'RMSprop', 'Rprop', 'SGD'], 'type': 'factor', 'default': 'SGD', 'transform': 'None', 'class_name': 'torch.optim', 'core_model_parameter_type': 'str', 'lower': 0, 'upper': 10}, 'dropout_prob': {'type': 'float', 'default': 0.01, 'transform': 'None', 'lower': 0.01, 'upper': 0.1}, 'lr_mult': {'type': 'float', 'default': 1.0, 'transform': 'None', 'lower': 0.9, 'upper': 2.0}, 'patience': {'type': 'int', 'default': 2, 'transform': 'transform_power_2_int', 'lower': 5, 'upper': 8}, 'initialization': {'levels': ['Default', 'Kaiming', 'Xavier'], 'type': 'factor', 'default': 'Default', 'transform': 'None', 'core_model_parameter_type': 'str', 'lower': 0, 'upper': 2}}}
