spotPython.build.kriging 2024-01-07 19:54:36,956 INFO Starting the logger at level 10 for module spotPython.build.kriging:
spotPython.build.kriging 2024-01-07 19:55:17,575 DEBUG In fit(): nat_X: [[10.          5.          0.          0.19118749  4.28078738  5.
   0.        ]]
spotPython.build.kriging 2024-01-07 19:55:17,575 DEBUG In fit(): nat_y: [3078.62670898]
spotPython.build.kriging 2024-01-07 19:55:17,577 DEBUG In initialize_variables(): self.nat_X: [[10.          5.          0.          0.19118749  4.28078738  5.
   0.        ]]
spotPython.build.kriging 2024-01-07 19:55:17,577 DEBUG In initialize_variables(): self.nat_y: [3078.62670898]
spotPython.build.kriging 2024-01-07 19:55:17,577 DEBUG In initialize_variables(): self.aggregated_mean_y: [3078.62670898]
spotPython.build.kriging 2024-01-07 19:55:17,577 DEBUG In initialize_variables(): self.min_X: [10.          5.          0.          0.19118749  4.28078738  5.
  0.        ]
spotPython.build.kriging 2024-01-07 19:55:17,577 DEBUG In initialize_variables(): self.max_X: [10.          5.          0.          0.19118749  4.28078738  5.
  0.        ]
spotPython.build.kriging 2024-01-07 19:55:17,577 DEBUG In initialize_variables(): self.n: 1
spotPython.build.kriging 2024-01-07 19:55:17,577 DEBUG In initialize_variables(): self.k: 7
spotPython.build.kriging 2024-01-07 19:55:17,577 DEBUG In set_variable_types(): self.k: 7
spotPython.build.kriging 2024-01-07 19:55:17,577 DEBUG In set_variable_types(): self.var_type: ['int', 'int', 'factor', 'float', 'float', 'int', 'factor']
spotPython.build.kriging 2024-01-07 19:55:17,577 DEBUG In set_variable_types(): self.num_mask: [False False False False False False False]
spotPython.build.kriging 2024-01-07 19:55:17,577 DEBUG In set_variable_types(): self.factor_mask: [False False  True False False False  True]
spotPython.build.kriging 2024-01-07 19:55:17,577 DEBUG In set_variable_types(): self.int_mask: [ True  True False False False  True False]
spotPython.build.kriging 2024-01-07 19:55:17,578 DEBUG In set_variable_types(): self.ordered_mask: [ True  True False  True  True  True False]
spotPython.build.kriging 2024-01-07 19:55:17,578 DEBUG In set_theta_values(): self.k: 7
spotPython.build.kriging 2024-01-07 19:55:17,578 DEBUG In set_theta_values(): self.n_theta: 7
spotPython.build.kriging 2024-01-07 19:55:17,578 WARNING Too few theta values or more theta values than dimensions. `n_theta` set to `k`.
spotPython.build.kriging 2024-01-07 19:55:17,578 DEBUG In set_theta_values(): self.n_theta: 7
spotPython.build.kriging 2024-01-07 19:55:17,578 DEBUG In set_theta_values(): self.theta: [0. 0. 0. 0. 0. 0. 0.]
spotPython.build.kriging 2024-01-07 19:55:17,578 DEBUG In initialize_matrices(): self.n_p: 1
spotPython.build.kriging 2024-01-07 19:55:17,578 DEBUG In initialize_matrices(): self.p: [2.]
spotPython.build.kriging 2024-01-07 19:55:17,578 DEBUG In initialize_matrices(): var(self.nat_y): 0.0
spotPython.build.kriging 2024-01-07 19:55:17,578 DEBUG In initialize_matrices(): self.n: 1
spotPython.build.kriging 2024-01-07 19:55:17,578 DEBUG In initialize_matrices(): self.pen_val: 10000.0
spotPython.build.kriging 2024-01-07 19:55:17,578 DEBUG In initialize_matrices(): self.k: 7
spotPython.build.kriging 2024-01-07 19:55:17,578 DEBUG In initialize_matrices(): self.seed: 124
spotPython.build.kriging 2024-01-07 19:55:17,578 DEBUG In initialize_matrices(): self.gen: <spotPython.design.spacefilling.spacefilling object at 0x2d527d110>
spotPython.build.kriging 2024-01-07 19:55:17,578 DEBUG In initialize_matrices(): self.Psi: [[0.]]
spotPython.build.kriging 2024-01-07 19:55:17,578 DEBUG In initialize_matrices(): self.psi: [[0.]]
spotPython.build.kriging 2024-01-07 19:55:17,578 DEBUG In initialize_matrices(): self.one: [1.]
spotPython.build.kriging 2024-01-07 19:58:03,618 DEBUG In fit(): nat_X: [[10.          5.          0.          0.19118749  4.28078738  5.
   0.        ]]
spotPython.build.kriging 2024-01-07 19:58:03,618 DEBUG In fit(): nat_y: [3078.62670898]
spotPython.build.kriging 2024-01-07 19:58:03,620 DEBUG In initialize_variables(): self.nat_X: [[10.          5.          0.          0.19118749  4.28078738  5.
   0.        ]]
spotPython.build.kriging 2024-01-07 19:58:03,620 DEBUG In initialize_variables(): self.nat_y: [3078.62670898]
spotPython.build.kriging 2024-01-07 19:58:03,620 DEBUG In initialize_variables(): self.aggregated_mean_y: [3078.62670898]
spotPython.build.kriging 2024-01-07 19:58:03,620 DEBUG In initialize_variables(): self.min_X: [10.          5.          0.          0.19118749  4.28078738  5.
  0.        ]
spotPython.build.kriging 2024-01-07 19:58:03,620 DEBUG In initialize_variables(): self.max_X: [10.          5.          0.          0.19118749  4.28078738  5.
  0.        ]
spotPython.build.kriging 2024-01-07 19:58:03,620 DEBUG In initialize_variables(): self.n: 1
spotPython.build.kriging 2024-01-07 19:58:03,620 DEBUG In initialize_variables(): self.k: 7
spotPython.build.kriging 2024-01-07 19:58:03,620 DEBUG In set_variable_types(): self.k: 7
spotPython.build.kriging 2024-01-07 19:58:03,620 DEBUG In set_variable_types(): self.var_type: ['int', 'int', 'factor', 'float', 'float', 'int', 'factor']
spotPython.build.kriging 2024-01-07 19:58:03,620 DEBUG In set_variable_types(): self.num_mask: [False False False False False False False]
spotPython.build.kriging 2024-01-07 19:58:03,620 DEBUG In set_variable_types(): self.factor_mask: [False False  True False False False  True]
spotPython.build.kriging 2024-01-07 19:58:03,620 DEBUG In set_variable_types(): self.int_mask: [ True  True False False False  True False]
spotPython.build.kriging 2024-01-07 19:58:03,620 DEBUG In set_variable_types(): self.ordered_mask: [ True  True False  True  True  True False]
spotPython.build.kriging 2024-01-07 19:58:03,620 DEBUG In set_theta_values(): self.k: 7
spotPython.build.kriging 2024-01-07 19:58:03,620 DEBUG In set_theta_values(): self.n_theta: 7
spotPython.build.kriging 2024-01-07 19:58:03,620 WARNING Too few theta values or more theta values than dimensions. `n_theta` set to `k`.
spotPython.build.kriging 2024-01-07 19:58:03,620 DEBUG In set_theta_values(): self.n_theta: 7
spotPython.build.kriging 2024-01-07 19:58:03,620 DEBUG In set_theta_values(): self.theta: [0. 0. 0. 0. 0. 0. 0.]
spotPython.build.kriging 2024-01-07 19:58:03,621 DEBUG In initialize_matrices(): self.n_p: 1
spotPython.build.kriging 2024-01-07 19:58:03,621 DEBUG In initialize_matrices(): self.p: [2.]
spotPython.build.kriging 2024-01-07 19:58:03,621 DEBUG In initialize_matrices(): var(self.nat_y): 0.0
spotPython.build.kriging 2024-01-07 19:58:03,621 DEBUG In initialize_matrices(): self.n: 1
spotPython.build.kriging 2024-01-07 19:58:03,621 DEBUG In initialize_matrices(): self.pen_val: 10000.0
spotPython.build.kriging 2024-01-07 19:58:03,621 DEBUG In initialize_matrices(): self.k: 7
spotPython.build.kriging 2024-01-07 19:58:03,621 DEBUG In initialize_matrices(): self.seed: 124
spotPython.build.kriging 2024-01-07 19:58:03,621 DEBUG In initialize_matrices(): self.gen: <spotPython.design.spacefilling.spacefilling object at 0x2d5219610>
spotPython.build.kriging 2024-01-07 19:58:03,621 DEBUG In initialize_matrices(): self.Psi: [[0.]]
spotPython.build.kriging 2024-01-07 19:58:03,621 DEBUG In initialize_matrices(): self.psi: [[0.]]
spotPython.build.kriging 2024-01-07 19:58:03,621 DEBUG In initialize_matrices(): self.one: [1.]
