spotPython.fun.hyperlight 2024-01-07 23:59:18,386 INFO Starting the logger at level 10 for module spotPython.fun.hyperlight:
spotPython.fun.hyperlight 2024-01-07 23:59:18,480 DEBUG 
config: {'l1': 32, 'epochs': 2048, 'batch_size': 32, 'act_fn': ReLU(), 'optimizer': 'Adadelta', 'dropout_prob': 0.018988700321378886, 'lr_mult': 4.788982006361369, 'patience': 64, 'initialization': 'Kaiming'}
spotPython.fun.hyperlight 2024-01-07 23:59:18,480 DEBUG fun: Calling train_model
spotPython.fun.hyperlight 2024-01-07 23:59:18,481 ERROR Error in fun(). Call to train_model failed. err=IndexError('tuple index out of range'), type(err)=<class 'IndexError'>
spotPython.fun.hyperlight 2024-01-07 23:59:18,481 ERROR Setting df_eval to np.nan
spotPython.fun.hyperlight 2024-01-07 23:59:18,481 DEBUG 
config: {'l1': 32, 'epochs': 2048, 'batch_size': 32, 'act_fn': ReLU(), 'optimizer': 'Adadelta', 'dropout_prob': 0.12472822251874295, 'lr_mult': 4.386171280110145, 'patience': 128, 'initialization': 'Kaiming'}
spotPython.fun.hyperlight 2024-01-07 23:59:18,481 DEBUG fun: Calling train_model
spotPython.fun.hyperlight 2024-01-07 23:59:18,481 ERROR Error in fun(). Call to train_model failed. err=IndexError('tuple index out of range'), type(err)=<class 'IndexError'>
spotPython.fun.hyperlight 2024-01-07 23:59:18,481 ERROR Setting df_eval to np.nan
spotPython.fun.hyperlight 2024-01-07 23:59:18,481 DEBUG 
config: {'l1': 32, 'epochs': 2048, 'batch_size': 32, 'act_fn': ReLU(), 'optimizer': 'Adadelta', 'dropout_prob': 0.06467283628984644, 'lr_mult': 4.55878792019513, 'patience': 64, 'initialization': 'Default'}
spotPython.fun.hyperlight 2024-01-07 23:59:18,481 DEBUG fun: Calling train_model
spotPython.fun.hyperlight 2024-01-07 23:59:58,731 DEBUG fun: train_model returned
spotPython.fun.hyperlight 2024-01-07 23:59:58,732 DEBUG 
config: {'l1': 32, 'epochs': 1024, 'batch_size': 32, 'act_fn': ReLU(), 'optimizer': 'Adadelta', 'dropout_prob': 0.1911896310440109, 'lr_mult': 4.238404590569679, 'patience': 64, 'initialization': 'Xavier'}
spotPython.fun.hyperlight 2024-01-07 23:59:58,732 DEBUG fun: Calling train_model
spotPython.fun.hyperlight 2024-01-07 23:59:58,732 ERROR Error in fun(). Call to train_model failed. err=IndexError('tuple index out of range'), type(err)=<class 'IndexError'>
spotPython.fun.hyperlight 2024-01-07 23:59:58,732 ERROR Setting df_eval to np.nan
spotPython.fun.hyperlight 2024-01-07 23:59:58,732 DEBUG 
config: {'l1': 32, 'epochs': 2048, 'batch_size': 32, 'act_fn': ReLU(), 'optimizer': 'Adadelta', 'dropout_prob': 0.16042391206421294, 'lr_mult': 4.525110551575111, 'patience': 64, 'initialization': 'Kaiming'}
spotPython.fun.hyperlight 2024-01-07 23:59:58,732 DEBUG fun: Calling train_model
spotPython.fun.hyperlight 2024-01-07 23:59:58,733 ERROR Error in fun(). Call to train_model failed. err=IndexError('tuple index out of range'), type(err)=<class 'IndexError'>
spotPython.fun.hyperlight 2024-01-07 23:59:58,733 ERROR Setting df_eval to np.nan
spotPython.fun.hyperlight 2024-01-07 23:59:58,733 DEBUG 
config: {'l1': 32, 'epochs': 1024, 'batch_size': 32, 'act_fn': ReLU(), 'optimizer': 'Adadelta', 'dropout_prob': 0.03402423432554062, 'lr_mult': 4.863587833590837, 'patience': 64, 'initialization': 'Kaiming'}
spotPython.fun.hyperlight 2024-01-07 23:59:58,733 DEBUG fun: Calling train_model
spotPython.fun.hyperlight 2024-01-07 23:59:58,733 ERROR Error in fun(). Call to train_model failed. err=IndexError('tuple index out of range'), type(err)=<class 'IndexError'>
spotPython.fun.hyperlight 2024-01-07 23:59:58,733 ERROR Setting df_eval to np.nan
spotPython.fun.hyperlight 2024-01-07 23:59:58,733 DEBUG 
config: {'l1': 32, 'epochs': 1024, 'batch_size': 32, 'act_fn': ReLU(), 'optimizer': 'Adadelta', 'dropout_prob': 0.18228544261460913, 'lr_mult': 4.689092856337501, 'patience': 128, 'initialization': 'Kaiming'}
spotPython.fun.hyperlight 2024-01-07 23:59:58,733 DEBUG fun: Calling train_model
spotPython.fun.hyperlight 2024-01-07 23:59:58,734 ERROR Error in fun(). Call to train_model failed. err=IndexError('tuple index out of range'), type(err)=<class 'IndexError'>
spotPython.fun.hyperlight 2024-01-07 23:59:58,734 ERROR Setting df_eval to np.nan
spotPython.fun.hyperlight 2024-01-07 23:59:58,734 DEBUG 
config: {'l1': 32, 'epochs': 2048, 'batch_size': 32, 'act_fn': ReLU(), 'optimizer': 'Adadelta', 'dropout_prob': 0.1354280862447571, 'lr_mult': 4.706738914357813, 'patience': 32, 'initialization': 'Xavier'}
spotPython.fun.hyperlight 2024-01-07 23:59:58,734 DEBUG fun: Calling train_model
spotPython.fun.hyperlight 2024-01-07 23:59:58,734 ERROR Error in fun(). Call to train_model failed. err=IndexError('tuple index out of range'), type(err)=<class 'IndexError'>
spotPython.fun.hyperlight 2024-01-07 23:59:58,734 ERROR Setting df_eval to np.nan
spotPython.fun.hyperlight 2024-01-07 23:59:58,734 DEBUG 
config: {'l1': 32, 'epochs': 2048, 'batch_size': 32, 'act_fn': ReLU(), 'optimizer': 'Adadelta', 'dropout_prob': 0.10895923510356495, 'lr_mult': 4.838104680018519, 'patience': 64, 'initialization': 'Kaiming'}
spotPython.fun.hyperlight 2024-01-07 23:59:58,734 DEBUG fun: Calling train_model
spotPython.fun.hyperlight 2024-01-07 23:59:58,735 ERROR Error in fun(). Call to train_model failed. err=IndexError('tuple index out of range'), type(err)=<class 'IndexError'>
spotPython.fun.hyperlight 2024-01-07 23:59:58,735 ERROR Setting df_eval to np.nan
spotPython.fun.hyperlight 2024-01-07 23:59:58,735 DEBUG 
config: {'l1': 32, 'epochs': 2048, 'batch_size': 32, 'act_fn': ReLU(), 'optimizer': 'Adadelta', 'dropout_prob': 0.028862492470494362, 'lr_mult': 4.14837240391967, 'patience': 64, 'initialization': 'Default'}
spotPython.fun.hyperlight 2024-01-07 23:59:58,735 DEBUG fun: Calling train_model
spotPython.fun.hyperlight 2024-01-08 00:00:28,218 DEBUG fun: train_model returned
spotPython.fun.hyperlight 2024-01-08 00:00:28,218 DEBUG 
config: {'l1': 32, 'epochs': 1024, 'batch_size': 32, 'act_fn': ReLU(), 'optimizer': 'Adadelta', 'dropout_prob': 0.04555315620335952, 'lr_mult': 4.449840944535334, 'patience': 64, 'initialization': 'Default'}
spotPython.fun.hyperlight 2024-01-08 00:00:28,218 DEBUG fun: Calling train_model
spotPython.fun.hyperlight 2024-01-08 00:01:51,024 DEBUG fun: train_model returned
spotPython.fun.hyperlight 2024-01-08 00:01:51,024 DEBUG 
config: {'l1': 32, 'epochs': 2048, 'batch_size': 32, 'act_fn': ReLU(), 'optimizer': 'Adadelta', 'dropout_prob': 0.06856652770056859, 'lr_mult': 4.31917543742949, 'patience': 32, 'initialization': 'Kaiming'}
spotPython.fun.hyperlight 2024-01-08 00:01:51,024 DEBUG fun: Calling train_model
spotPython.fun.hyperlight 2024-01-08 00:01:51,025 ERROR Error in fun(). Call to train_model failed. err=IndexError('tuple index out of range'), type(err)=<class 'IndexError'>
spotPython.fun.hyperlight 2024-01-08 00:01:51,025 ERROR Setting df_eval to np.nan
spotPython.fun.hyperlight 2024-01-08 00:01:51,025 DEBUG 
config: {'l1': 32, 'epochs': 1024, 'batch_size': 32, 'act_fn': ReLU(), 'optimizer': 'Adadelta', 'dropout_prob': 0.16429130195046326, 'lr_mult': 4.271695545683664, 'patience': 64, 'initialization': 'Xavier'}
spotPython.fun.hyperlight 2024-01-08 00:01:51,025 DEBUG fun: Calling train_model
spotPython.fun.hyperlight 2024-01-08 00:01:51,025 ERROR Error in fun(). Call to train_model failed. err=IndexError('tuple index out of range'), type(err)=<class 'IndexError'>
spotPython.fun.hyperlight 2024-01-08 00:01:51,025 ERROR Setting df_eval to np.nan
spotPython.fun.hyperlight 2024-01-08 00:01:51,025 DEBUG 
config: {'l1': 32, 'epochs': 1024, 'batch_size': 32, 'act_fn': ReLU(), 'optimizer': 'Adadelta', 'dropout_prob': 0.10054116751240434, 'lr_mult': 4.918822079892094, 'patience': 128, 'initialization': 'Xavier'}
spotPython.fun.hyperlight 2024-01-08 00:01:51,025 DEBUG fun: Calling train_model
spotPython.fun.hyperlight 2024-01-08 00:01:51,025 ERROR Error in fun(). Call to train_model failed. err=IndexError('tuple index out of range'), type(err)=<class 'IndexError'>
spotPython.fun.hyperlight 2024-01-08 00:01:51,025 ERROR Setting df_eval to np.nan
spotPython.fun.hyperlight 2024-01-08 00:01:51,026 DEBUG 
config: {'l1': 32, 'epochs': 2048, 'batch_size': 32, 'act_fn': ReLU(), 'optimizer': 'Adadelta', 'dropout_prob': 0.11906840613219478, 'lr_mult': 4.029570451000394, 'patience': 32, 'initialization': 'Kaiming'}
spotPython.fun.hyperlight 2024-01-08 00:01:51,026 DEBUG fun: Calling train_model
spotPython.fun.hyperlight 2024-01-08 00:01:51,026 ERROR Error in fun(). Call to train_model failed. err=IndexError('tuple index out of range'), type(err)=<class 'IndexError'>
spotPython.fun.hyperlight 2024-01-08 00:01:51,026 ERROR Setting df_eval to np.nan
spotPython.fun.hyperlight 2024-01-08 00:01:51,026 DEBUG 
config: {'l1': 32, 'epochs': 2048, 'batch_size': 32, 'act_fn': ReLU(), 'optimizer': 'Adadelta', 'dropout_prob': 0.14670362413113355, 'lr_mult': 4.162806044634017, 'patience': 128, 'initialization': 'Default'}
spotPython.fun.hyperlight 2024-01-08 00:01:51,026 DEBUG fun: Calling train_model
spotPython.fun.hyperlight 2024-01-08 00:02:46,308 DEBUG fun: train_model returned
spotPython.fun.hyperlight 2024-01-08 00:02:46,308 DEBUG 
config: {'l1': 32, 'epochs': 1024, 'batch_size': 32, 'act_fn': ReLU(), 'optimizer': 'Adadelta', 'dropout_prob': 0.0883134497836134, 'lr_mult': 4.096121201490071, 'patience': 64, 'initialization': 'Default'}
spotPython.fun.hyperlight 2024-01-08 00:02:46,308 DEBUG fun: Calling train_model
spotPython.fun.hyperlight 2024-01-08 00:03:55,633 DEBUG fun: train_model returned
spotPython.fun.hyperlight 2024-01-08 00:03:55,633 DEBUG 
config: {'l1': 32, 'epochs': 1024, 'batch_size': 32, 'act_fn': ReLU(), 'optimizer': 'Adadelta', 'dropout_prob': 0.0769704793086242, 'lr_mult': 4.984056271063281, 'patience': 128, 'initialization': 'Xavier'}
spotPython.fun.hyperlight 2024-01-08 00:03:55,633 DEBUG fun: Calling train_model
spotPython.fun.hyperlight 2024-01-08 00:03:55,633 ERROR Error in fun(). Call to train_model failed. err=IndexError('tuple index out of range'), type(err)=<class 'IndexError'>
spotPython.fun.hyperlight 2024-01-08 00:03:55,633 ERROR Setting df_eval to np.nan
spotPython.fun.hyperlight 2024-01-08 00:03:55,633 DEBUG 
config: {'l1': 32, 'epochs': 1024, 'batch_size': 32, 'act_fn': ReLU(), 'optimizer': 'Adadelta', 'dropout_prob': 0.17341098581843842, 'lr_mult': 4.617235741149446, 'patience': 32, 'initialization': 'Kaiming'}
spotPython.fun.hyperlight 2024-01-08 00:03:55,633 DEBUG fun: Calling train_model
spotPython.fun.hyperlight 2024-01-08 00:03:55,634 ERROR Error in fun(). Call to train_model failed. err=IndexError('tuple index out of range'), type(err)=<class 'IndexError'>
spotPython.fun.hyperlight 2024-01-08 00:03:55,634 ERROR Setting df_eval to np.nan
spotPython.fun.hyperlight 2024-01-08 00:03:55,634 DEBUG 
config: {'l1': 32, 'epochs': 1024, 'batch_size': 32, 'act_fn': ReLU(), 'optimizer': 'Adadelta', 'dropout_prob': 0.056060381846316586, 'lr_mult': 4.456336352560598, 'patience': 32, 'initialization': 'Kaiming'}
spotPython.fun.hyperlight 2024-01-08 00:03:55,634 DEBUG fun: Calling train_model
spotPython.fun.hyperlight 2024-01-08 00:03:55,634 ERROR Error in fun(). Call to train_model failed. err=IndexError('tuple index out of range'), type(err)=<class 'IndexError'>
spotPython.fun.hyperlight 2024-01-08 00:03:55,634 ERROR Setting df_eval to np.nan
spotPython.fun.hyperlight 2024-01-08 00:03:55,765 DEBUG 
config: {'l1': 32, 'epochs': 2048, 'batch_size': 32, 'act_fn': ReLU(), 'optimizer': 'Adadelta', 'dropout_prob': 0.031101578710066573, 'lr_mult': 4.205984914968892, 'patience': 64, 'initialization': 'Default'}
spotPython.fun.hyperlight 2024-01-08 00:03:55,765 DEBUG fun: Calling train_model
spotPython.fun.hyperlight 2024-01-08 00:04:27,872 DEBUG fun: train_model returned
spotPython.fun.hyperlight 2024-01-08 00:04:27,957 DEBUG 
config: {'l1': 32, 'epochs': 2048, 'batch_size': 32, 'act_fn': ReLU(), 'optimizer': 'Adadelta', 'dropout_prob': 0.06467082743021714, 'lr_mult': 4.558787913363256, 'patience': 64, 'initialization': 'Default'}
spotPython.fun.hyperlight 2024-01-08 00:04:27,957 DEBUG fun: Calling train_model
spotPython.fun.hyperlight 2024-01-08 00:04:56,020 DEBUG fun: train_model returned
spotPython.fun.hyperlight 2024-01-08 00:04:56,163 DEBUG 
config: {'l1': 32, 'epochs': 2048, 'batch_size': 32, 'act_fn': ReLU(), 'optimizer': 'Adadelta', 'dropout_prob': 0.08051706207681973, 'lr_mult': 4.558787906006504, 'patience': 64, 'initialization': 'Default'}
spotPython.fun.hyperlight 2024-01-08 00:04:56,163 DEBUG fun: Calling train_model
spotPython.fun.hyperlight 2024-01-08 00:05:29,147 DEBUG fun: train_model returned
spotPython.fun.hyperlight 2024-01-08 00:05:29,309 DEBUG 
config: {'l1': 32, 'epochs': 2048, 'batch_size': 32, 'act_fn': ReLU(), 'optimizer': 'Adadelta', 'dropout_prob': 0.041383972453675984, 'lr_mult': 4.558787900938489, 'patience': 64, 'initialization': 'Default'}
spotPython.fun.hyperlight 2024-01-08 00:05:29,309 DEBUG fun: Calling train_model
spotPython.fun.hyperlight 2024-01-08 00:06:04,256 DEBUG fun: train_model returned
spotPython.fun.hyperlight 2024-01-08 00:06:04,397 DEBUG 
config: {'l1': 32, 'epochs': 2048, 'batch_size': 32, 'act_fn': ReLU(), 'optimizer': 'Adadelta', 'dropout_prob': 0.07598918296706315, 'lr_mult': 4.558787903163041, 'patience': 64, 'initialization': 'Default'}
spotPython.fun.hyperlight 2024-01-08 00:06:04,397 DEBUG fun: Calling train_model
spotPython.fun.hyperlight 2024-01-08 00:06:55,622 DEBUG fun: train_model returned
spotPython.fun.hyperlight 2024-01-08 00:06:55,960 DEBUG 
config: {'l1': 32, 'epochs': 2048, 'batch_size': 32, 'act_fn': ReLU(), 'optimizer': 'Adadelta', 'dropout_prob': 0.09637447833973616, 'lr_mult': 4.558796985709311, 'patience': 64, 'initialization': 'Default'}
spotPython.fun.hyperlight 2024-01-08 00:06:55,960 DEBUG fun: Calling train_model
spotPython.fun.hyperlight 2024-01-08 00:07:26,225 DEBUG fun: train_model returned
spotPython.fun.hyperlight 2024-01-08 00:07:26,435 DEBUG 
config: {'l1': 32, 'epochs': 2048, 'batch_size': 32, 'act_fn': ReLU(), 'optimizer': 'Adadelta', 'dropout_prob': 0.05984446101780486, 'lr_mult': 4.504672686336911, 'patience': 64, 'initialization': 'Default'}
spotPython.fun.hyperlight 2024-01-08 00:07:26,435 DEBUG fun: Calling train_model
spotPython.fun.hyperlight 2024-01-08 00:08:01,954 DEBUG fun: train_model returned
spotPython.fun.hyperlight 2024-01-08 00:08:02,178 DEBUG 
config: {'l1': 32, 'epochs': 2048, 'batch_size': 32, 'act_fn': ReLU(), 'optimizer': 'Adadelta', 'dropout_prob': 0.059775004597895365, 'lr_mult': 4.591926637327507, 'patience': 64, 'initialization': 'Default'}
spotPython.fun.hyperlight 2024-01-08 00:08:02,178 DEBUG fun: Calling train_model
spotPython.fun.hyperlight 2024-01-08 00:08:31,482 DEBUG fun: train_model returned
spotPython.fun.hyperlight 2024-01-08 00:08:31,686 DEBUG 
config: {'l1': 32, 'epochs': 2048, 'batch_size': 32, 'act_fn': ReLU(), 'optimizer': 'Adadelta', 'dropout_prob': 0.06002895445787326, 'lr_mult': 4.465767264096616, 'patience': 64, 'initialization': 'Default'}
spotPython.fun.hyperlight 2024-01-08 00:08:31,686 DEBUG fun: Calling train_model
spotPython.fun.hyperlight 2024-01-08 00:09:07,038 DEBUG fun: train_model returned
spotPython.fun.hyperlight 2024-01-08 00:09:07,259 DEBUG 
config: {'l1': 32, 'epochs': 2048, 'batch_size': 32, 'act_fn': ReLU(), 'optimizer': 'Adadelta', 'dropout_prob': 0.06475011459081793, 'lr_mult': 4.428586924938776, 'patience': 64, 'initialization': 'Default'}
spotPython.fun.hyperlight 2024-01-08 00:09:07,259 DEBUG fun: Calling train_model
spotPython.fun.hyperlight 2024-01-08 00:09:33,508 DEBUG fun: train_model returned
spotPython.fun.hyperlight 2024-01-08 00:09:33,591 DEBUG 
config: {'l1': 32, 'epochs': 1024, 'batch_size': 32, 'act_fn': ReLU(), 'optimizer': 'Adadelta', 'dropout_prob': 0.08831342321391586, 'lr_mult': 4.096121163341056, 'patience': 64, 'initialization': 'Default'}
spotPython.fun.hyperlight 2024-01-08 00:09:33,592 DEBUG fun: Calling train_model
spotPython.fun.hyperlight 2024-01-08 00:10:11,501 DEBUG fun: train_model returned
spotPython.fun.hyperlight 2024-01-08 00:10:11,588 DEBUG 
config: {'l1': 32, 'epochs': 2048, 'batch_size': 32, 'act_fn': ReLU(), 'optimizer': 'Adadelta', 'dropout_prob': 0.028253912089301687, 'lr_mult': 4.132721940369231, 'patience': 64, 'initialization': 'Default'}
spotPython.fun.hyperlight 2024-01-08 00:10:11,589 DEBUG fun: Calling train_model
spotPython.fun.hyperlight 2024-01-08 00:10:40,893 DEBUG fun: train_model returned
spotPython.fun.hyperlight 2024-01-08 00:10:41,209 DEBUG 
config: {'l1': 32, 'epochs': 2048, 'batch_size': 32, 'act_fn': ReLU(), 'optimizer': 'Adadelta', 'dropout_prob': 0.05994360218687582, 'lr_mult': 4.549956632086028, 'patience': 64, 'initialization': 'Default'}
spotPython.fun.hyperlight 2024-01-08 00:10:41,209 DEBUG fun: Calling train_model
spotPython.fun.hyperlight 2024-01-08 00:11:26,019 DEBUG fun: train_model returned
spotPython.fun.hyperlight 2024-01-08 00:11:26,155 DEBUG 
config: {'l1': 32, 'epochs': 2048, 'batch_size': 32, 'act_fn': ReLU(), 'optimizer': 'Adadelta', 'dropout_prob': 0.02841956179183489, 'lr_mult': 4.136974034762214, 'patience': 64, 'initialization': 'Default'}
spotPython.fun.hyperlight 2024-01-08 00:11:26,155 DEBUG fun: Calling train_model
spotPython.fun.hyperlight 2024-01-08 00:11:51,716 DEBUG fun: train_model returned
spotPython.fun.hyperlight 2024-01-08 00:11:52,201 DEBUG 
config: {'l1': 32, 'epochs': 2048, 'batch_size': 32, 'act_fn': ReLU(), 'optimizer': 'Adadelta', 'dropout_prob': 0.05928075976260419, 'lr_mult': 4.549000300866924, 'patience': 64, 'initialization': 'Default'}
spotPython.fun.hyperlight 2024-01-08 00:11:52,201 DEBUG fun: Calling train_model
spotPython.fun.hyperlight 2024-01-08 00:12:19,157 DEBUG fun: train_model returned
spotPython.fun.hyperlight 2024-01-08 00:12:19,609 DEBUG 
config: {'l1': 32, 'epochs': 2048, 'batch_size': 32, 'act_fn': ReLU(), 'optimizer': 'Adadelta', 'dropout_prob': 0.060217997482856, 'lr_mult': 4.5575944599932585, 'patience': 64, 'initialization': 'Default'}
spotPython.fun.hyperlight 2024-01-08 00:12:19,609 DEBUG fun: Calling train_model
spotPython.fun.hyperlight 2024-01-08 00:12:54,654 DEBUG fun: train_model returned
spotPython.fun.hyperlight 2024-01-08 00:12:54,799 DEBUG 
config: {'l1': 32, 'epochs': 2048, 'batch_size': 32, 'act_fn': ReLU(), 'optimizer': 'Adadelta', 'dropout_prob': 0.01, 'lr_mult': 5.0, 'patience': 128, 'initialization': 'Default'}
spotPython.fun.hyperlight 2024-01-08 00:12:54,799 DEBUG fun: Calling train_model
spotPython.fun.hyperlight 2024-01-08 00:14:24,484 DEBUG fun: train_model returned
